{"contracts\\CreditFund.sol":{"l":{"42":3,"49":1,"52":1,"55":1,"60":3,"61":1,"62":2,"63":1,"65":1,"66":1,"72":0,"78":1,"82":0,"86":0,"90":1,"94":0,"98":0,"104":0,"108":0,"112":4,"116":0,"120":0,"124":1,"128":2,"132":2,"136":2,"142":1,"143":0,"146":0,"150":0},"path":"C:\\Users\\jonfr\\Desktop\\creditfund\\contracts\\CreditFund.sol","s":{"1":1,"2":1,"3":3,"4":2,"5":1,"6":0,"7":0,"8":4,"9":0,"10":0,"11":1,"12":2,"13":2,"14":2,"15":1,"16":0},"b":{"1":[1,0],"2":[1,2],"3":[1,1],"4":[0,0],"5":[0,1],"6":[0,0],"7":[0,0],"8":[0,0],"9":[0,1],"10":[0,0]},"f":{"1":3,"2":1,"3":3,"4":0,"5":1,"6":0,"7":0,"8":1,"9":0,"10":0,"11":0,"12":0,"13":4,"14":0,"15":0,"16":1,"17":2,"18":2,"19":2,"20":1,"21":0},"fnMap":{"1":{"name":"constructor","line":41,"loc":{"start":{"line":41,"column":4},"end":{"line":43,"column":4}}},"2":{"name":"deposit","line":48,"loc":{"start":{"line":48,"column":4},"end":{"line":56,"column":4}}},"3":{"name":"loanPayment","line":59,"loc":{"start":{"line":59,"column":4},"end":{"line":68,"column":4}}},"4":{"name":"changeLender","line":71,"loc":{"start":{"line":71,"column":4},"end":{"line":73,"column":4}}},"5":{"name":"setBorrower","line":77,"loc":{"start":{"line":77,"column":4},"end":{"line":79,"column":4}}},"6":{"name":"setLoanAmount","line":81,"loc":{"start":{"line":81,"column":4},"end":{"line":83,"column":4}}},"7":{"name":"setInstallments","line":85,"loc":{"start":{"line":85,"column":4},"end":{"line":87,"column":4}}},"8":{"name":"setMinimumPayment","line":89,"loc":{"start":{"line":89,"column":4},"end":{"line":91,"column":4}}},"9":{"name":"setStartingDate","line":93,"loc":{"start":{"line":93,"column":4},"end":{"line":95,"column":4}}},"10":{"name":"setDueDate","line":97,"loc":{"start":{"line":97,"column":4},"end":{"line":99,"column":4}}},"11":{"name":"getLoanAmount","line":103,"loc":{"start":{"line":103,"column":4},"end":{"line":105,"column":4}}},"12":{"name":"getInstallments","line":107,"loc":{"start":{"line":107,"column":4},"end":{"line":109,"column":4}}},"13":{"name":"getMinimumPayment","line":111,"loc":{"start":{"line":111,"column":4},"end":{"line":113,"column":4}}},"14":{"name":"getStartingDate","line":115,"loc":{"start":{"line":115,"column":4},"end":{"line":117,"column":4}}},"15":{"name":"getDueDate","line":119,"loc":{"start":{"line":119,"column":4},"end":{"line":121,"column":4}}},"16":{"name":"getLenderBalance","line":123,"loc":{"start":{"line":123,"column":4},"end":{"line":125,"column":4}}},"17":{"name":"getBorrowerBalance","line":127,"loc":{"start":{"line":127,"column":4},"end":{"line":129,"column":4}}},"18":{"name":"getLender","line":131,"loc":{"start":{"line":131,"column":4},"end":{"line":133,"column":4}}},"19":{"name":"getBorrower","line":135,"loc":{"start":{"line":135,"column":4},"end":{"line":137,"column":4}}},"20":{"name":"onlyLender","line":141,"loc":{"start":{"line":141,"column":4},"end":{"line":144,"column":4}}},"21":{"name":"onlyBorrower","line":145,"loc":{"start":{"line":145,"column":4},"end":{"line":151,"column":4}}}},"statementMap":{"1":{"start":{"line":49,"column":8},"end":{"line":49,"column":67}},"2":{"start":{"line":55,"column":8},"end":{"line":55,"column":37}},"3":{"start":{"line":60,"column":8},"end":{"line":60,"column":2305}},"4":{"start":{"line":62,"column":8},"end":{"line":62,"column":2412}},"5":{"start":{"line":65,"column":8},"end":{"line":65,"column":38}},"6":{"start":{"line":104,"column":8},"end":{"line":104,"column":25}},"7":{"start":{"line":108,"column":8},"end":{"line":108,"column":27}},"8":{"start":{"line":112,"column":8},"end":{"line":112,"column":25}},"9":{"start":{"line":116,"column":8},"end":{"line":116,"column":24}},"10":{"start":{"line":120,"column":8},"end":{"line":120,"column":23}},"11":{"start":{"line":124,"column":8},"end":{"line":124,"column":31}},"12":{"start":{"line":128,"column":8},"end":{"line":128,"column":33}},"13":{"start":{"line":132,"column":8},"end":{"line":132,"column":21}},"14":{"start":{"line":136,"column":8},"end":{"line":136,"column":23}},"15":{"start":{"line":142,"column":8},"end":{"line":142,"column":66}},"16":{"start":{"line":146,"column":8},"end":{"line":146,"column":4513}}},"branchMap":{"1":{"line":49,"type":"if","locations":[{"start":{"line":49,"column":8},"end":{"line":49,"column":8}},{"start":{"line":49,"column":8},"end":{"line":49,"column":8}}]},"2":{"line":60,"type":"if","locations":[{"start":{"line":60,"column":8},"end":{"line":60,"column":8}},{"start":{"line":60,"column":8},"end":{"line":60,"column":8}}]},"3":{"line":62,"type":"if","locations":[{"start":{"line":62,"column":8},"end":{"line":62,"column":8}},{"start":{"line":62,"column":8},"end":{"line":62,"column":8}}]},"4":{"line":71,"type":"if","locations":[{"start":{"line":71,"column":57},"end":{"line":71,"column":57}},{"start":{"line":71,"column":57},"end":{"line":71,"column":57}}]},"5":{"line":81,"type":"if","locations":[{"start":{"line":81,"column":47},"end":{"line":81,"column":47}},{"start":{"line":81,"column":47},"end":{"line":81,"column":47}}]},"6":{"line":85,"type":"if","locations":[{"start":{"line":85,"column":49},"end":{"line":85,"column":49}},{"start":{"line":85,"column":49},"end":{"line":85,"column":49}}]},"7":{"line":93,"type":"if","locations":[{"start":{"line":93,"column":57},"end":{"line":93,"column":57}},{"start":{"line":93,"column":57},"end":{"line":93,"column":57}}]},"8":{"line":97,"type":"if","locations":[{"start":{"line":97,"column":52},"end":{"line":97,"column":52}},{"start":{"line":97,"column":52},"end":{"line":97,"column":52}}]},"9":{"line":142,"type":"if","locations":[{"start":{"line":142,"column":8},"end":{"line":142,"column":8}},{"start":{"line":142,"column":8},"end":{"line":142,"column":8}}]},"10":{"line":146,"type":"if","locations":[{"start":{"line":146,"column":8},"end":{"line":146,"column":8}},{"start":{"line":146,"column":8},"end":{"line":146,"column":8}}]}}}}